[debug] [2025-02-11T22:21:38.645Z] ----------------------------------------------------------------------
[debug] [2025-02-11T22:21:38.649Z] Command:       C:\Program Files\nodejs\node.exe C:\Users\niatm\AppData\Roaming\npm\node_modules\firebase-tools\lib\bin\firebase.js deploy
[debug] [2025-02-11T22:21:38.649Z] CLI Version:   13.30.0
[debug] [2025-02-11T22:21:38.649Z] Platform:      win32
[debug] [2025-02-11T22:21:38.649Z] Node Version:  v22.13.1
[debug] [2025-02-11T22:21:38.650Z] Time:          Tue Feb 11 2025 23:21:38 GMT+0100 (heure normale d’Afrique de l’Ouest)
[debug] [2025-02-11T22:21:38.650Z] ----------------------------------------------------------------------
[debug] 
[debug] [2025-02-11T22:21:38.886Z] > command requires scopes: ["email","openid","https://www.googleapis.com/auth/cloudplatformprojects.readonly","https://www.googleapis.com/auth/firebase","https://www.googleapis.com/auth/cloud-platform"]
[debug] [2025-02-11T22:21:38.887Z] > authorizing via signed-in user (niatmanuel2002@gmail.com)
[debug] [2025-02-11T22:21:38.887Z] [iam] checking project esiacbiblio for permissions ["firebase.projects.get","firebasehosting.sites.update"]
[debug] [2025-02-11T22:21:38.888Z] Checked if tokens are valid: true, expires at: 1739315349416
[debug] [2025-02-11T22:21:38.888Z] Checked if tokens are valid: true, expires at: 1739315349416
[debug] [2025-02-11T22:21:38.890Z] >>> [apiv2][query] POST https://cloudresourcemanager.googleapis.com/v1/projects/esiacbiblio:testIamPermissions [none]
[debug] [2025-02-11T22:21:38.890Z] >>> [apiv2][(partial)header] POST https://cloudresourcemanager.googleapis.com/v1/projects/esiacbiblio:testIamPermissions x-goog-quota-user=projects/esiacbiblio
[debug] [2025-02-11T22:21:38.890Z] >>> [apiv2][body] POST https://cloudresourcemanager.googleapis.com/v1/projects/esiacbiblio:testIamPermissions {"permissions":["firebase.projects.get","firebasehosting.sites.update"]}
[debug] [2025-02-11T22:21:41.234Z] <<< [apiv2][status] POST https://cloudresourcemanager.googleapis.com/v1/projects/esiacbiblio:testIamPermissions 200
[debug] [2025-02-11T22:21:41.234Z] <<< [apiv2][body] POST https://cloudresourcemanager.googleapis.com/v1/projects/esiacbiblio:testIamPermissions {"permissions":["firebase.projects.get","firebasehosting.sites.update"]}
[debug] [2025-02-11T22:21:41.235Z] Checked if tokens are valid: true, expires at: 1739315349416
[debug] [2025-02-11T22:21:41.235Z] Checked if tokens are valid: true, expires at: 1739315349416
[debug] [2025-02-11T22:21:41.235Z] >>> [apiv2][query] GET https://firebase.googleapis.com/v1beta1/projects/esiacbiblio [none]
[debug] [2025-02-11T22:21:44.077Z] <<< [apiv2][status] GET https://firebase.googleapis.com/v1beta1/projects/esiacbiblio 200
[debug] [2025-02-11T22:21:44.077Z] <<< [apiv2][body] GET https://firebase.googleapis.com/v1beta1/projects/esiacbiblio {"projectId":"esiacbiblio","projectNumber":"301699973390","displayName":"esiacbiblio","name":"projects/esiacbiblio","resources":{"hostingSite":"esiacbiblio","locationId":"us-central"},"state":"ACTIVE","etag":"1_1e4507de-6248-40a0-b981-af4087d47e55"}
[debug] [2025-02-11T22:21:48.839Z] defaultcredentials: writing to file C:\Users\niatm\AppData\Roaming\firebase\niatmanuel2002_gmail_com_application_default_credentials.json
[debug] [2025-02-11T22:21:48.841Z] Checked if tokens are valid: true, expires at: 1739315349416
[debug] [2025-02-11T22:21:48.841Z] Checked if tokens are valid: true, expires at: 1739315349416
[debug] [2025-02-11T22:21:48.841Z] >>> [apiv2][query] GET https://firebasehosting.googleapis.com/v1beta1/projects/esiacbiblio/sites pageToken=&pageSize=10
[debug] [2025-02-11T22:21:51.654Z] <<< [apiv2][status] GET https://firebasehosting.googleapis.com/v1beta1/projects/esiacbiblio/sites 200
[debug] [2025-02-11T22:21:51.654Z] <<< [apiv2][body] GET https://firebasehosting.googleapis.com/v1beta1/projects/esiacbiblio/sites {"sites":[{"name":"projects/esiacbiblio/sites/esiacbiblio","defaultUrl":"https://esiacbiblio.web.app","appId":"1:301699973390:web:86a62b6339c8b4460a575f","type":"DEFAULT_SITE"}]}
[debug] [2025-02-11T22:21:51.655Z] Checked if tokens are valid: true, expires at: 1739315349416
[debug] [2025-02-11T22:21:51.656Z] Checked if tokens are valid: true, expires at: 1739315349416
[debug] [2025-02-11T22:21:51.656Z] >>> [apiv2][query] GET https://firebase.googleapis.com/v1beta1/projects/-/webApps/1:301699973390:web:86a62b6339c8b4460a575f/config [none]
[debug] [2025-02-11T22:21:53.645Z] <<< [apiv2][status] GET https://firebase.googleapis.com/v1beta1/projects/-/webApps/1:301699973390:web:86a62b6339c8b4460a575f/config 200
[debug] [2025-02-11T22:21:53.645Z] <<< [apiv2][body] GET https://firebase.googleapis.com/v1beta1/projects/-/webApps/1:301699973390:web:86a62b6339c8b4460a575f/config {"projectId":"esiacbiblio","appId":"1:301699973390:web:86a62b6339c8b4460a575f","storageBucket":"esiacbiblio.appspot.com","locationId":"us-central","apiKey":"AIzaSyCf4ZAw5w7baxtw303zRFZtVaGKtT87moE","authDomain":"esiacbiblio.firebaseapp.com","messagingSenderId":"301699973390","measurementId":"G-G4RZ3FSL4Q"}
[info] 
   Thank you for trying our early preview of Next.js support on Firebase Hosting.
   During the preview, support is best-effort and breaking changes can be expected. Proceed with caution.
   The integration is known to work with Next.js version 12 - 15.0. You may encounter errors.

   Documentation: https://firebase.google.com/docs/hosting/frameworks/nextjs
   File a bug: https://github.com/firebase/firebase-tools/issues/new?template=bug_report.md
   Submit a feature request: https://github.com/firebase/firebase-tools/issues/new?template=feature_request.md

   We'd love to learn from you. Express your interest in helping us shape the future of Firebase Hosting: https://goo.gle/41enW5X

[debug] [2025-02-11T22:22:07.386Z] Checked if tokens are valid: true, expires at: 1739315349416
[debug] [2025-02-11T22:22:07.386Z] Checked if tokens are valid: true, expires at: 1739315349416
[debug] [2025-02-11T22:22:07.386Z] >>> [apiv2][query] GET https://firebasehosting.googleapis.com/v1beta1/projects/esiacbiblio/sites/esiacbiblio [none]
[debug] [2025-02-11T22:22:08.311Z] <<< [apiv2][status] GET https://firebasehosting.googleapis.com/v1beta1/projects/esiacbiblio/sites/esiacbiblio 200
[debug] [2025-02-11T22:22:08.311Z] <<< [apiv2][body] GET https://firebasehosting.googleapis.com/v1beta1/projects/esiacbiblio/sites/esiacbiblio {"name":"projects/esiacbiblio/sites/esiacbiblio","defaultUrl":"https://esiacbiblio.web.app","appId":"1:301699973390:web:86a62b6339c8b4460a575f","type":"DEFAULT_SITE"}
[debug] [2025-02-11T22:22:13.316Z] Error: Timed out.
    at Timeout._onTimeout (C:\Users\niatm\AppData\Roaming\npm\node_modules\firebase-tools\lib\utils.js:269:49)
    at listOnTimeout (node:internal/timers:594:17)
    at process.processTimers (node:internal/timers:529:7)
[error] 
[error] Error: An unexpected error has occurred.
[debug] [2025-02-11T22:27:00.839Z] ----------------------------------------------------------------------
[debug] [2025-02-11T22:27:00.842Z] Command:       C:\Program Files\nodejs\node.exe C:\Users\niatm\AppData\Roaming\npm\node_modules\firebase-tools\lib\bin\firebase.js deploy
[debug] [2025-02-11T22:27:00.843Z] CLI Version:   13.30.0
[debug] [2025-02-11T22:27:00.843Z] Platform:      win32
[debug] [2025-02-11T22:27:00.843Z] Node Version:  v22.13.1
[debug] [2025-02-11T22:27:00.844Z] Time:          Tue Feb 11 2025 23:27:00 GMT+0100 (heure normale d’Afrique de l’Ouest)
[debug] [2025-02-11T22:27:00.844Z] ----------------------------------------------------------------------
[debug] 
[debug] [2025-02-11T22:27:01.082Z] > command requires scopes: ["email","openid","https://www.googleapis.com/auth/cloudplatformprojects.readonly","https://www.googleapis.com/auth/firebase","https://www.googleapis.com/auth/cloud-platform"]
[debug] [2025-02-11T22:27:01.082Z] > authorizing via signed-in user (niatmanuel2002@gmail.com)
[debug] [2025-02-11T22:27:01.083Z] [iam] checking project esiacbiblio for permissions ["firebase.projects.get","firebasehosting.sites.update"]
[debug] [2025-02-11T22:27:01.084Z] Checked if tokens are valid: true, expires at: 1739315349416
[debug] [2025-02-11T22:27:01.084Z] Checked if tokens are valid: true, expires at: 1739315349416
[debug] [2025-02-11T22:27:01.085Z] >>> [apiv2][query] POST https://cloudresourcemanager.googleapis.com/v1/projects/esiacbiblio:testIamPermissions [none]
[debug] [2025-02-11T22:27:01.085Z] >>> [apiv2][(partial)header] POST https://cloudresourcemanager.googleapis.com/v1/projects/esiacbiblio:testIamPermissions x-goog-quota-user=projects/esiacbiblio
[debug] [2025-02-11T22:27:01.085Z] >>> [apiv2][body] POST https://cloudresourcemanager.googleapis.com/v1/projects/esiacbiblio:testIamPermissions {"permissions":["firebase.projects.get","firebasehosting.sites.update"]}
[debug] [2025-02-11T22:27:02.305Z] <<< [apiv2][status] POST https://cloudresourcemanager.googleapis.com/v1/projects/esiacbiblio:testIamPermissions 200
[debug] [2025-02-11T22:27:02.305Z] <<< [apiv2][body] POST https://cloudresourcemanager.googleapis.com/v1/projects/esiacbiblio:testIamPermissions {"permissions":["firebase.projects.get","firebasehosting.sites.update"]}
[debug] [2025-02-11T22:27:02.306Z] Checked if tokens are valid: true, expires at: 1739315349416
[debug] [2025-02-11T22:27:02.306Z] Checked if tokens are valid: true, expires at: 1739315349416
[debug] [2025-02-11T22:27:02.307Z] >>> [apiv2][query] GET https://firebase.googleapis.com/v1beta1/projects/esiacbiblio [none]
[debug] [2025-02-11T22:27:03.399Z] <<< [apiv2][status] GET https://firebase.googleapis.com/v1beta1/projects/esiacbiblio 200
[debug] [2025-02-11T22:27:03.400Z] <<< [apiv2][body] GET https://firebase.googleapis.com/v1beta1/projects/esiacbiblio {"projectId":"esiacbiblio","projectNumber":"301699973390","displayName":"esiacbiblio","name":"projects/esiacbiblio","resources":{"hostingSite":"esiacbiblio","locationId":"us-central"},"state":"ACTIVE","etag":"1_ad738357-1b3b-4722-98e4-90e00ab0ddda"}
[debug] [2025-02-11T22:27:08.211Z] defaultcredentials: writing to file C:\Users\niatm\AppData\Roaming\firebase\niatmanuel2002_gmail_com_application_default_credentials.json
[debug] [2025-02-11T22:27:08.213Z] Checked if tokens are valid: true, expires at: 1739315349416
[debug] [2025-02-11T22:27:08.213Z] Checked if tokens are valid: true, expires at: 1739315349416
[debug] [2025-02-11T22:27:08.213Z] >>> [apiv2][query] GET https://firebasehosting.googleapis.com/v1beta1/projects/esiacbiblio/sites pageToken=&pageSize=10
[debug] [2025-02-11T22:27:09.256Z] <<< [apiv2][status] GET https://firebasehosting.googleapis.com/v1beta1/projects/esiacbiblio/sites 200
[debug] [2025-02-11T22:27:09.256Z] <<< [apiv2][body] GET https://firebasehosting.googleapis.com/v1beta1/projects/esiacbiblio/sites {"sites":[{"name":"projects/esiacbiblio/sites/esiacbiblio","defaultUrl":"https://esiacbiblio.web.app","appId":"1:301699973390:web:86a62b6339c8b4460a575f","type":"DEFAULT_SITE"}]}
[debug] [2025-02-11T22:27:09.258Z] Checked if tokens are valid: true, expires at: 1739315349416
[debug] [2025-02-11T22:27:09.258Z] Checked if tokens are valid: true, expires at: 1739315349416
[debug] [2025-02-11T22:27:09.259Z] >>> [apiv2][query] GET https://firebase.googleapis.com/v1beta1/projects/-/webApps/1:301699973390:web:86a62b6339c8b4460a575f/config [none]
[debug] [2025-02-11T22:27:10.447Z] <<< [apiv2][status] GET https://firebase.googleapis.com/v1beta1/projects/-/webApps/1:301699973390:web:86a62b6339c8b4460a575f/config 200
[debug] [2025-02-11T22:27:10.447Z] <<< [apiv2][body] GET https://firebase.googleapis.com/v1beta1/projects/-/webApps/1:301699973390:web:86a62b6339c8b4460a575f/config {"projectId":"esiacbiblio","appId":"1:301699973390:web:86a62b6339c8b4460a575f","storageBucket":"esiacbiblio.appspot.com","locationId":"us-central","apiKey":"AIzaSyCf4ZAw5w7baxtw303zRFZtVaGKtT87moE","authDomain":"esiacbiblio.firebaseapp.com","messagingSenderId":"301699973390","measurementId":"G-G4RZ3FSL4Q"}
[info] 
   Thank you for trying our early preview of Next.js support on Firebase Hosting.
   During the preview, support is best-effort and breaking changes can be expected. Proceed with caution.
   The integration is known to work with Next.js version 12 - 15.0. You may encounter errors.

   Documentation: https://firebase.google.com/docs/hosting/frameworks/nextjs
   File a bug: https://github.com/firebase/firebase-tools/issues/new?template=bug_report.md
   Submit a feature request: https://github.com/firebase/firebase-tools/issues/new?template=feature_request.md

   We'd love to learn from you. Express your interest in helping us shape the future of Firebase Hosting: https://goo.gle/41enW5X

[debug] [2025-02-11T22:27:21.608Z] Checked if tokens are valid: true, expires at: 1739315349416
[debug] [2025-02-11T22:27:21.609Z] Checked if tokens are valid: true, expires at: 1739315349416
[debug] [2025-02-11T22:27:21.609Z] >>> [apiv2][query] GET https://firebasehosting.googleapis.com/v1beta1/projects/esiacbiblio/sites/esiacbiblio [none]
[debug] [2025-02-11T22:27:22.813Z] <<< [apiv2][status] GET https://firebasehosting.googleapis.com/v1beta1/projects/esiacbiblio/sites/esiacbiblio 200
[debug] [2025-02-11T22:27:22.813Z] <<< [apiv2][body] GET https://firebasehosting.googleapis.com/v1beta1/projects/esiacbiblio/sites/esiacbiblio {"name":"projects/esiacbiblio/sites/esiacbiblio","defaultUrl":"https://esiacbiblio.web.app","appId":"1:301699973390:web:86a62b6339c8b4460a575f","type":"DEFAULT_SITE"}
[debug] [2025-02-11T22:27:27.834Z] Error: Timed out.
    at Timeout._onTimeout (C:\Users\niatm\AppData\Roaming\npm\node_modules\firebase-tools\lib\utils.js:269:49)
    at listOnTimeout (node:internal/timers:594:17)
    at process.processTimers (node:internal/timers:529:7)
[error] 
[error] Error: An unexpected error has occurred.
